<?xml version="1.0" encoding="UTF-8"?>
<!-- Generated by org.testng.reporters.JUnitXMLReporter -->
<testsuite ignored="1" hostname="MIGHTYSURYA11" failures="0" tests="2" name="Default test" time="6.896" errors="0" timestamp="2024-07-09T16:20:00 IST">
  <testcase classname="Questions.TestNG" name="test2" time="0.483"/>
  <testcase classname="Questions.TestNG" name="test3" time="0.239"/>
  <testcase classname="Questions.TestNG" name="Test1" time="0.0">
    <ignored/>
  </testcase> <!-- Test1 -->
</testsuite> <!-- Default test -->
