<?xml version="1.0" encoding="UTF-8"?>
<testng-results ignored="1" total="3" passed="2" failed="0" skipped="0">
  <reporter-output>
  </reporter-output>
  <suite started-at="2024-07-09T16:19:53 IST" name="Default suite" finished-at="2024-07-09T16:20:00 IST" duration-ms="6896">
    <groups>
    </groups>
    <test started-at="2024-07-09T16:19:53 IST" name="Default test" finished-at="2024-07-09T16:20:00 IST" duration-ms="6896">
      <class name="Questions.TestNG">
        <test-method is-config="true" signature="bt()[pri:0, instance:Questions.TestNG@5d534f5d]" started-at="2024-07-09T16:19:53 IST" name="bt" finished-at="2024-07-09T16:19:59 IST" duration-ms="6051" status="PASS">
          <reporter-output>
          </reporter-output>
        </test-method> <!-- bt -->
        <test-method signature="test2()[pri:0, instance:Questions.TestNG@5d534f5d]" started-at="2024-07-09T16:19:59 IST" name="test2" finished-at="2024-07-09T16:20:00 IST" duration-ms="483" status="PASS">
          <reporter-output>
          </reporter-output>
        </test-method> <!-- test2 -->
        <test-method signature="test3()[pri:0, instance:Questions.TestNG@5d534f5d]" started-at="2024-07-09T16:20:00 IST" name="test3" finished-at="2024-07-09T16:20:00 IST" duration-ms="239" status="PASS">
          <reporter-output>
          </reporter-output>
        </test-method> <!-- test3 -->
        <test-method is-config="true" signature="at()[pri:0, instance:Questions.TestNG@5d534f5d]" started-at="2024-07-09T16:20:00 IST" name="at" finished-at="2024-07-09T16:20:00 IST" duration-ms="0" status="PASS">
          <reporter-output>
          </reporter-output>
        </test-method> <!-- at -->
      </class> <!-- Questions.TestNG -->
    </test> <!-- Default test -->
  </suite> <!-- Default suite -->
</testng-results>
